Determining if the pthread_create exist failed with the following output:
Change Dir: /home/udacity-robond-project7/catkin_ws/build/CMakeFiles/CMakeTmp

Run Build Command:"/usr/bin/make" "cmTC_d6ccd/fast"
/usr/bin/make -f CMakeFiles/cmTC_d6ccd.dir/build.make CMakeFiles/cmTC_d6ccd.dir/build
make[1]: Entering directory '/home/udacity-robond-project7/catkin_ws/build/CMakeFiles/CMakeTmp'
Building C object CMakeFiles/cmTC_d6ccd.dir/CheckSymbolExists.c.o
/usr/bin/cc    -o CMakeFiles/cmTC_d6ccd.dir/CheckSymbolExists.c.o   -c /home/udacity-robond-project7/catkin_ws/build/CMakeFiles/CMakeTmp/CheckSymbolExists.c
Linking C executable cmTC_d6ccd
/usr/local/bin/cmake -E cmake_link_script CMakeFiles/cmTC_d6ccd.dir/link.txt --verbose=1
/usr/bin/cc      -rdynamic CMakeFiles/cmTC_d6ccd.dir/CheckSymbolExists.c.o  -o cmTC_d6ccd 
CMakeFiles/cmTC_d6ccd.dir/CheckSymbolExists.c.o: In function `main':
CheckSymbolExists.c:(.text+0x16): undefined reference to `pthread_create'
collect2: error: ld returned 1 exit status
CMakeFiles/cmTC_d6ccd.dir/build.make:86: recipe for target 'cmTC_d6ccd' failed
make[1]: *** [cmTC_d6ccd] Error 1
make[1]: Leaving directory '/home/udacity-robond-project7/catkin_ws/build/CMakeFiles/CMakeTmp'
Makefile:121: recipe for target 'cmTC_d6ccd/fast' failed
make: *** [cmTC_d6ccd/fast] Error 2

File /home/udacity-robond-project7/catkin_ws/build/CMakeFiles/CMakeTmp/CheckSymbolExists.c:
/* */
#include <pthread.h>

int main(int argc, char** argv)
{
  (void)argv;
#ifndef pthread_create
  return ((int*)(&pthread_create))[argc];
#else
  (void)argc;
  return 0;
#endif
}

Determining if the function pthread_create exists in the pthreads failed with the following output:
Change Dir: /home/udacity-robond-project7/catkin_ws/build/CMakeFiles/CMakeTmp

Run Build Command:"/usr/bin/make" "cmTC_de657/fast"
/usr/bin/make -f CMakeFiles/cmTC_de657.dir/build.make CMakeFiles/cmTC_de657.dir/build
make[1]: Entering directory '/home/udacity-robond-project7/catkin_ws/build/CMakeFiles/CMakeTmp'
Building C object CMakeFiles/cmTC_de657.dir/CheckFunctionExists.c.o
/usr/bin/cc   -DCHECK_FUNCTION_EXISTS=pthread_create   -o CMakeFiles/cmTC_de657.dir/CheckFunctionExists.c.o   -c /usr/local/share/cmake-3.13/Modules/CheckFunctionExists.c
Linking C executable cmTC_de657
/usr/local/bin/cmake -E cmake_link_script CMakeFiles/cmTC_de657.dir/link.txt --verbose=1
/usr/bin/cc  -DCHECK_FUNCTION_EXISTS=pthread_create    -rdynamic CMakeFiles/cmTC_de657.dir/CheckFunctionExists.c.o  -o cmTC_de657 -lpthreads 
/usr/bin/ld: cannot find -lpthreads
collect2: error: ld returned 1 exit status
CMakeFiles/cmTC_de657.dir/build.make:86: recipe for target 'cmTC_de657' failed
make[1]: *** [cmTC_de657] Error 1
make[1]: Leaving directory '/home/udacity-robond-project7/catkin_ws/build/CMakeFiles/CMakeTmp'
Makefile:121: recipe for target 'cmTC_de657/fast' failed
make: *** [cmTC_de657/fast] Error 2


